[2024-01-06 20:58:37,273: INFO: main: Welcome]
[2024-01-06 21:08:16,992: INFO: common: yaml file: config\config.yaml loaded successfully]
[2024-01-06 21:08:17,119: INFO: common: yaml file: params.yaml loaded successfully]
[2024-01-06 21:13:16,570: INFO: common: yaml file: config\config.yaml loaded successfully]
[2024-01-06 21:13:16,583: INFO: common: yaml file: params.yaml loaded successfully]
[2024-01-06 21:13:16,603: INFO: common: yaml file: schema.yaml loaded successfully]
[2024-01-06 21:13:16,714: INFO: common: created directory at: artifacts]
[2024-01-06 21:13:16,723: INFO: common: created directory at: artifacts/data_ingestion]
[2024-01-06 21:13:18,251: INFO: 2366278714: artifacts/data_ingestion/data.zip download! with following info: 
Connection: close
Content-Length: 23329
Cache-Control: max-age=300
Content-Security-Policy: default-src 'none'; style-src 'unsafe-inline'; sandbox
Content-Type: application/zip
ETag: "c69888a4ae59bc5a893392785a938ccd4937981c06ba8a9d6a21aa52b4ab5b6e"
Strict-Transport-Security: max-age=31536000
X-Content-Type-Options: nosniff
X-Frame-Options: deny
X-XSS-Protection: 1; mode=block
X-GitHub-Request-Id: AFFC:34B39D:355BCAE:379F645:6599B45D
Accept-Ranges: bytes
Date: Sat, 06 Jan 2024 20:13:17 GMT
Via: 1.1 varnish
X-Served-By: cache-muc13969-MUC
X-Cache: MISS
X-Cache-Hits: 0
X-Timer: S1704571997.269579,VS0,VE157
Vary: Authorization,Accept-Encoding,Origin
Access-Control-Allow-Origin: *
Cross-Origin-Resource-Policy: cross-origin
X-Fastly-Request-ID: 256668020317a698350be05c4eb837c003a9ac7d
Expires: Sat, 06 Jan 2024 20:18:17 GMT
Source-Age: 0

]
[2024-01-06 21:44:43,095: INFO: main: >>>>>> stage Data Ingestion stage started <<<<<<]
[2024-01-06 21:44:43,112: INFO: common: yaml file: config\config.yaml loaded successfully]
[2024-01-06 21:44:43,116: INFO: common: yaml file: params.yaml loaded successfully]
[2024-01-06 21:44:43,125: INFO: common: yaml file: schema.yaml loaded successfully]
[2024-01-06 21:44:43,130: INFO: common: created directory at: artifacts]
[2024-01-06 21:44:43,132: INFO: common: created directory at: artifacts/data_ingestion]
[2024-01-06 21:44:43,887: INFO: data_ingestion: artifacts/data_ingestion/data.zip download! with following info: 
Connection: close
Content-Length: 23329
Cache-Control: max-age=300
Content-Security-Policy: default-src 'none'; style-src 'unsafe-inline'; sandbox
Content-Type: application/zip
ETag: "c69888a4ae59bc5a893392785a938ccd4937981c06ba8a9d6a21aa52b4ab5b6e"
Strict-Transport-Security: max-age=31536000
X-Content-Type-Options: nosniff
X-Frame-Options: deny
X-XSS-Protection: 1; mode=block
X-GitHub-Request-Id: AFFC:34B39D:355BCAE:379F645:6599B45D
Accept-Ranges: bytes
Date: Sat, 06 Jan 2024 20:44:43 GMT
Via: 1.1 varnish
X-Served-By: cache-muc13961-MUC
X-Cache: HIT
X-Cache-Hits: 1
X-Timer: S1704573884.562225,VS0,VE135
Vary: Authorization,Accept-Encoding,Origin
Access-Control-Allow-Origin: *
Cross-Origin-Resource-Policy: cross-origin
X-Fastly-Request-ID: 14fcdee473ee0560ce26f2509216fe2490195a2a
Expires: Sat, 06 Jan 2024 20:49:43 GMT
Source-Age: 0

]
[2024-01-06 21:44:43,938: INFO: main: >>>>>> stage Data Ingestion stage completed <<<<<<

x==========x]
[2024-01-06 22:03:45,541: INFO: main: >>>>>> stage Data Ingestion stage started <<<<<<]
[2024-01-06 22:03:45,553: INFO: common: yaml file: config\config.yaml loaded successfully]
[2024-01-06 22:03:45,557: INFO: common: yaml file: params.yaml loaded successfully]
[2024-01-06 22:03:45,565: INFO: common: yaml file: schema.yaml loaded successfully]
[2024-01-06 22:03:45,567: INFO: common: created directory at: artifacts]
[2024-01-06 22:03:45,569: INFO: common: created directory at: artifacts/data_ingestion]
[2024-01-06 22:03:46,610: INFO: data_ingestion: artifacts/data_ingestion/data.zip download! with following info: 
Connection: close
Content-Length: 23329
Cache-Control: max-age=300
Content-Security-Policy: default-src 'none'; style-src 'unsafe-inline'; sandbox
Content-Type: application/zip
ETag: "c69888a4ae59bc5a893392785a938ccd4937981c06ba8a9d6a21aa52b4ab5b6e"
Strict-Transport-Security: max-age=31536000
X-Content-Type-Options: nosniff
X-Frame-Options: deny
X-XSS-Protection: 1; mode=block
X-GitHub-Request-Id: AFFC:34B39D:355BCAE:379F645:6599B45D
Accept-Ranges: bytes
Date: Sat, 06 Jan 2024 21:03:46 GMT
Via: 1.1 varnish
X-Served-By: cache-muc13968-MUC
X-Cache: HIT
X-Cache-Hits: 1
X-Timer: S1704575026.190815,VS0,VE158
Vary: Authorization,Accept-Encoding,Origin
Access-Control-Allow-Origin: *
Cross-Origin-Resource-Policy: cross-origin
X-Fastly-Request-ID: 04f4e87a3818d5f6837ba9794d874231c8907ee6
Expires: Sat, 06 Jan 2024 21:08:46 GMT
Source-Age: 0

]
[2024-01-06 22:03:46,659: INFO: main: >>>>>> stage Data Ingestion stage completed <<<<<<

x==========x]
[2024-01-06 22:05:06,724: INFO: common: yaml file: config\config.yaml loaded successfully]
[2024-01-06 22:05:06,734: INFO: common: yaml file: params.yaml loaded successfully]
[2024-01-06 22:05:06,753: INFO: common: yaml file: schema.yaml loaded successfully]
[2024-01-06 22:05:06,762: INFO: common: created directory at: artifacts]
[2024-01-06 22:05:06,767: INFO: common: created directory at: artifacts/data_validation]
[2024-01-06 22:21:45,615: INFO: main: >>>>>> stage Data Ingestion stage started <<<<<<]
[2024-01-06 22:21:45,630: INFO: common: yaml file: config\config.yaml loaded successfully]
[2024-01-06 22:21:45,634: INFO: common: yaml file: params.yaml loaded successfully]
[2024-01-06 22:21:45,644: INFO: common: yaml file: schema.yaml loaded successfully]
[2024-01-06 22:21:45,648: INFO: common: created directory at: artifacts]
[2024-01-06 22:21:45,649: INFO: common: created directory at: artifacts/data_ingestion]
[2024-01-06 22:21:46,367: INFO: data_ingestion: artifacts/data_ingestion/data.zip download! with following info: 
Connection: close
Content-Length: 23329
Cache-Control: max-age=300
Content-Security-Policy: default-src 'none'; style-src 'unsafe-inline'; sandbox
Content-Type: application/zip
ETag: "c69888a4ae59bc5a893392785a938ccd4937981c06ba8a9d6a21aa52b4ab5b6e"
Strict-Transport-Security: max-age=31536000
X-Content-Type-Options: nosniff
X-Frame-Options: deny
X-XSS-Protection: 1; mode=block
X-GitHub-Request-Id: AFFC:34B39D:355BCAE:379F645:6599B45D
Accept-Ranges: bytes
Date: Sat, 06 Jan 2024 21:21:46 GMT
Via: 1.1 varnish
X-Served-By: cache-muc13968-MUC
X-Cache: HIT
X-Cache-Hits: 1
X-Timer: S1704576106.010019,VS0,VE143
Vary: Authorization,Accept-Encoding,Origin
Access-Control-Allow-Origin: *
Cross-Origin-Resource-Policy: cross-origin
X-Fastly-Request-ID: ca236f436e6484909f96a2ea799e2d0c337b8654
Expires: Sat, 06 Jan 2024 21:26:46 GMT
Source-Age: 0

]
[2024-01-06 22:21:46,586: INFO: main: >>>>>> stage Data Ingestion stage completed <<<<<<

x==========x]
[2024-01-06 22:21:46,590: INFO: main: >>>>>> stage Data Validation stage started <<<<<<]
[2024-01-06 22:21:46,603: INFO: common: yaml file: config\config.yaml loaded successfully]
[2024-01-06 22:21:46,608: INFO: common: yaml file: params.yaml loaded successfully]
[2024-01-06 22:21:46,615: INFO: common: yaml file: schema.yaml loaded successfully]
[2024-01-06 22:21:46,617: INFO: common: created directory at: artifacts]
[2024-01-06 22:21:46,619: INFO: common: created directory at: artifacts/data_validation]
[2024-01-06 22:21:46,686: INFO: main: >>>>>> stage Data Validation stage completed <<<<<<

x==========x]
[2024-01-06 22:33:32,233: INFO: common: yaml file: config\config.yaml loaded successfully]
[2024-01-06 22:33:32,248: INFO: common: yaml file: params.yaml loaded successfully]
[2024-01-06 22:33:32,285: INFO: common: yaml file: schema.yaml loaded successfully]
[2024-01-06 22:33:32,295: INFO: common: created directory at: artifacts]
[2024-01-06 22:33:32,300: INFO: common: created directory at: artifacts/data_transformation]
[2024-01-07 10:27:39,646: INFO: common: yaml file: config\config.yaml loaded successfully]
[2024-01-07 10:27:39,661: INFO: common: yaml file: params.yaml loaded successfully]
[2024-01-07 10:27:39,693: INFO: common: yaml file: schema.yaml loaded successfully]
[2024-01-07 10:27:39,701: INFO: common: created directory at: artifacts]
[2024-01-07 10:27:39,709: INFO: common: created directory at: artifacts/data_transformation]
[2024-01-07 10:36:27,145: INFO: common: yaml file: config\config.yaml loaded successfully]
[2024-01-07 10:36:27,155: INFO: common: yaml file: params.yaml loaded successfully]
[2024-01-07 10:36:27,170: INFO: common: yaml file: schema.yaml loaded successfully]
[2024-01-07 10:36:27,178: INFO: common: created directory at: artifacts]
[2024-01-07 10:36:27,183: INFO: common: created directory at: artifacts/data_transformation]
[2024-01-07 10:36:27,718: INFO: 3190612962: Splited data into training and test sets]
[2024-01-07 10:36:27,723: INFO: 3190612962: (1199, 12)]
[2024-01-07 10:36:27,727: INFO: 3190612962: (400, 12)]
[2024-01-07 10:44:15,455: INFO: main: >>>>>> stage Data Ingestion stage started <<<<<<]
[2024-01-07 10:44:15,468: INFO: common: yaml file: config\config.yaml loaded successfully]
[2024-01-07 10:44:15,474: INFO: common: yaml file: params.yaml loaded successfully]
[2024-01-07 10:44:15,488: INFO: common: yaml file: schema.yaml loaded successfully]
[2024-01-07 10:44:15,491: INFO: common: created directory at: artifacts]
[2024-01-07 10:44:15,494: INFO: common: created directory at: artifacts/data_ingestion]
[2024-01-07 10:44:15,497: INFO: data_ingestion: File already exists of size: ~ 23 KB]
[2024-01-07 10:44:15,624: INFO: main: >>>>>> stage Data Ingestion stage completed <<<<<<

x==========x]
[2024-01-07 10:44:15,627: INFO: main: >>>>>> stage Data Validation stage started <<<<<<]
[2024-01-07 10:44:15,639: INFO: common: yaml file: config\config.yaml loaded successfully]
[2024-01-07 10:44:15,644: INFO: common: yaml file: params.yaml loaded successfully]
[2024-01-07 10:44:15,661: INFO: common: yaml file: schema.yaml loaded successfully]
[2024-01-07 10:44:15,665: INFO: common: created directory at: artifacts]
[2024-01-07 10:44:15,668: INFO: common: created directory at: artifacts/data_validation]
[2024-01-07 10:44:15,752: INFO: main: >>>>>> stage Data Validation stage completed <<<<<<

x==========x]
[2024-01-07 10:44:15,754: INFO: main: >>>>>> stage Data Transformation stage started <<<<<<]
[2024-01-07 10:44:15,789: INFO: common: yaml file: config\config.yaml loaded successfully]
[2024-01-07 10:44:15,797: INFO: common: yaml file: params.yaml loaded successfully]
[2024-01-07 10:44:15,805: INFO: common: yaml file: schema.yaml loaded successfully]
[2024-01-07 10:44:15,810: INFO: common: created directory at: artifacts]
[2024-01-07 10:44:15,813: INFO: common: created directory at: artifacts/data_transformation]
[2024-01-07 10:44:15,908: INFO: data_transformation: Splited data into training and test sets]
[2024-01-07 10:44:15,909: INFO: data_transformation: (1199, 12)]
[2024-01-07 10:44:15,910: INFO: data_transformation: (400, 12)]
[2024-01-07 10:44:15,912: INFO: main: >>>>>> stage Data Transformation stage completed <<<<<<

x==========x]
[2024-01-07 15:44:42,176: INFO: common: yaml file: config\config.yaml loaded successfully]
[2024-01-07 15:44:42,220: INFO: common: yaml file: params.yaml loaded successfully]
[2024-01-07 15:44:42,272: INFO: common: yaml file: schema.yaml loaded successfully]
[2024-01-07 15:44:42,291: INFO: common: created directory at: artifacts]
[2024-01-07 15:44:42,362: INFO: common: created directory at: artifacts/model_trainer]
[2024-01-07 15:54:28,163: INFO: main: >>>>>> stage Data Ingestion stage started <<<<<<]
[2024-01-07 15:54:28,174: INFO: common: yaml file: config\config.yaml loaded successfully]
[2024-01-07 15:54:28,178: INFO: common: yaml file: params.yaml loaded successfully]
[2024-01-07 15:54:28,186: INFO: common: yaml file: schema.yaml loaded successfully]
[2024-01-07 15:54:28,187: INFO: common: created directory at: artifacts]
[2024-01-07 15:54:28,189: INFO: common: created directory at: artifacts/data_ingestion]
[2024-01-07 15:54:28,191: INFO: data_ingestion: File already exists of size: ~ 23 KB]
[2024-01-07 15:54:28,554: INFO: main: >>>>>> stage Data Ingestion stage completed <<<<<<

x==========x]
[2024-01-07 15:54:28,625: INFO: main: >>>>>> stage Data Validation stage started <<<<<<]
[2024-01-07 15:54:28,636: INFO: common: yaml file: config\config.yaml loaded successfully]
[2024-01-07 15:54:28,642: INFO: common: yaml file: params.yaml loaded successfully]
[2024-01-07 15:54:28,650: INFO: common: yaml file: schema.yaml loaded successfully]
[2024-01-07 15:54:28,653: INFO: common: created directory at: artifacts]
[2024-01-07 15:54:28,655: INFO: common: created directory at: artifacts/data_validation]
[2024-01-07 15:54:29,582: INFO: main: >>>>>> stage Data Validation stage completed <<<<<<

x==========x]
[2024-01-07 15:54:29,585: INFO: main: >>>>>> stage Data Transformation stage started <<<<<<]
[2024-01-07 15:54:29,606: INFO: common: yaml file: config\config.yaml loaded successfully]
[2024-01-07 15:54:29,610: INFO: common: yaml file: params.yaml loaded successfully]
[2024-01-07 15:54:29,624: INFO: common: yaml file: schema.yaml loaded successfully]
[2024-01-07 15:54:29,627: INFO: common: created directory at: artifacts]
[2024-01-07 15:54:29,629: INFO: common: created directory at: artifacts/data_transformation]
[2024-01-07 15:54:29,758: INFO: data_transformation: Splited data into training and test sets]
[2024-01-07 15:54:29,759: INFO: data_transformation: (1199, 12)]
[2024-01-07 15:54:29,760: INFO: data_transformation: (400, 12)]
[2024-01-07 15:54:29,762: INFO: main: >>>>>> stage Data Transformation stage completed <<<<<<

x==========x]
[2024-01-07 15:54:29,765: INFO: main: >>>>>> stage Model Trainer stage started <<<<<<]
[2024-01-07 15:54:29,776: INFO: common: yaml file: config\config.yaml loaded successfully]
[2024-01-07 15:54:29,781: INFO: common: yaml file: params.yaml loaded successfully]
[2024-01-07 15:54:29,788: INFO: common: yaml file: schema.yaml loaded successfully]
[2024-01-07 15:54:29,791: INFO: common: created directory at: artifacts]
[2024-01-07 15:54:29,793: INFO: common: created directory at: artifacts/model_trainer]
[2024-01-07 15:54:29,901: INFO: main: >>>>>> stage Model Trainer stage completed <<<<<<

x==========x]
